<?xml version="1.0" encoding="UTF-8"?>
<testng-results ignored="0" total="1" passed="1" failed="0" skipped="0">
  <reporter-output>
  </reporter-output>
  <suite started-at="2022-05-31T12:08:59 IST" name="Suite" finished-at="2022-05-31T12:10:09 IST" duration-ms="70164">
    <groups>
    </groups>
    <test started-at="2022-05-31T12:08:59 IST" name="Test" finished-at="2022-05-31T12:10:09 IST" duration-ms="70164">
      <class name="Home">
        <test-method is-config="true" signature="init(java.lang.String,java.lang.String)[pri:0, instance:Home@1189dd52]" started-at="2022-05-31T12:08:59 IST" name="init" finished-at="2022-05-31T12:09:08 IST" duration-ms="9154" status="PASS">
          <params>
            <param index="0">
              <value>
                <![CDATA[chrome]]>
              </value>
            </param>
            <param index="1">
              <value>
                <![CDATA[https://www.anz.com.au/personal/home-loans/calculators-tools/much-borrow/]]>
              </value>
            </param>
          </params>
          <reporter-output>
          </reporter-output>
        </test-method> <!-- init -->
        <test-method signature="homePagevalidation()[pri:0, instance:Home@1189dd52]" started-at="2022-05-31T12:09:08 IST" name="homePagevalidation" finished-at="2022-05-31T12:10:09 IST" duration-ms="60972" status="PASS">
          <reporter-output>
          </reporter-output>
        </test-method> <!-- homePagevalidation -->
      </class> <!-- Home -->
    </test> <!-- Test -->
  </suite> <!-- Suite -->
</testng-results>
