<?xml version="1.0" encoding="UTF-8"?>
<testng-results ignored="0" total="1" passed="1" failed="0" skipped="0">
  <reporter-output>
  </reporter-output>
  <suite started-at="2022-05-31T12:06:37 IST" name="Suite" finished-at="2022-05-31T12:07:00 IST" duration-ms="23063">
    <groups>
    </groups>
    <test started-at="2022-05-31T12:06:37 IST" name="Test" finished-at="2022-05-31T12:07:00 IST" duration-ms="23063">
      <class name="Home">
        <test-method is-config="true" signature="init(java.lang.String,java.lang.String)[pri:0, instance:Home@564fabc8]" started-at="2022-05-31T12:06:37 IST" name="init" finished-at="2022-05-31T12:06:44 IST" duration-ms="6994" status="PASS">
          <params>
            <param index="0">
              <value>
                <![CDATA[chrome]]>
              </value>
            </param>
            <param index="1">
              <value>
                <![CDATA[http://demo.automationtesting.in/Frames.html]]>
              </value>
            </param>
          </params>
          <reporter-output>
          </reporter-output>
        </test-method> <!-- init -->
        <test-method signature="homePagevalidation()[pri:0, instance:Home@564fabc8]" started-at="2022-05-31T12:06:44 IST" name="homePagevalidation" finished-at="2022-05-31T12:07:00 IST" duration-ms="15674" status="PASS">
          <reporter-output>
          </reporter-output>
        </test-method> <!-- homePagevalidation -->
        <test-method is-config="true" signature="quit()[pri:0, instance:Home@564fabc8]" started-at="2022-05-31T12:07:00 IST" name="quit" finished-at="2022-05-31T12:07:00 IST" duration-ms="343" status="PASS">
          <reporter-output>
          </reporter-output>
        </test-method> <!-- quit -->
      </class> <!-- Home -->
    </test> <!-- Test -->
  </suite> <!-- Suite -->
</testng-results>
